Arguments: 
  /usr/local/bin/node /usr/local/bin/yarn add -D htm-webpack-plugin

PATH: 
  /Users/bigyan.poudel/.gvm/bin:/opt/homebrew/bin:/opt/homebrew/sbin:/usr/local/bin:/usr/bin:/bin:/usr/sbin:/sbin:/usr/local/go/bin:/Library/Apple/usr/bin:/Users/bigyan.poudel/.gvm/bin:/opt/homebrew/bin:/opt/homebrew/sbin

Yarn version: 
  1.22.18

Node version: 
  16.15.0

Platform: 
  darwin arm64

Trace: 
  Error: https://registry.yarnpkg.com/htm-webpack-plugin: Not found
      at Request.params.callback [as _callback] (/usr/local/lib/node_modules/yarn/lib/cli.js:66138:18)
      at Request.self.callback (/usr/local/lib/node_modules/yarn/lib/cli.js:140883:22)
      at Request.emit (node:events:527:28)
      at Request.<anonymous> (/usr/local/lib/node_modules/yarn/lib/cli.js:141855:10)
      at Request.emit (node:events:527:28)
      at IncomingMessage.<anonymous> (/usr/local/lib/node_modules/yarn/lib/cli.js:141777:12)
      at Object.onceWrapper (node:events:641:28)
      at IncomingMessage.emit (node:events:539:35)
      at endReadableNT (node:internal/streams/readable:1345:12)
      at processTicksAndRejections (node:internal/process/task_queues:83:21)

npm manifest: 
  {
    "name": "ci-integration",
    "version": "1.0.0",
    "description": "",
    "main": "index.js",
    "scripts": {
      "test": "jest --watch",
      "ci:test": "jest --ci",
      "lint": "eslint .",
      "develop": "webpack --mode=development",
      "build": "webpack --mode=production"
    },
    "author": "",
    "license": "ISC",
    "devDependencies": {
      "@babel/core": "^7.18.6",
      "@babel/preset-env": "^7.18.6",
      "babel-loader": "^8.2.5",
      "eslint": "^8.18.0",
      "webpack": "^5.73.0",
      "webpack-cli": "^4.10.0"
    },
    "dependencies": {
      "jest": "^28.1.1"
    }
  }

yarn manifest: 
  No manifest

Lockfile: 
  No lockfile
